<?xml version="1.0" encoding="UTF-8"?>
<testsuite name="com.trello.qa.TeamCreationTests" tests="1" skipped="0" failures="0" errors="0" timestamp="2019-09-02T18:02:38" hostname="DESKTOP-UMTPGLA" time="5.932">
  <properties/>
  <testcase name="testTeamCreation" classname="com.trello.qa.TeamCreationTests" time="5.932"/>
  <system-out><![CDATA[]]></system-out>
  <system-err><![CDATA[Starting ChromeDriver 76.0.3809.126 (d80a294506b4c9d18015e755cee48f953ddc3f2f-refs/branch-heads/3809@{#1024}) on port 42358
Only local connections are allowed.
Please protect ports used by ChromeDriver and related test frameworks to prevent access by malicious code.
[1567447345.015][WARNING]: Timed out connecting to Chrome, retrying...
Sep 02, 2019 9:02:27 PM org.openqa.selenium.remote.ProtocolHandshake createSession
INFO: Detected dialect: W3C
[1567447349.174][WARNING]: Timed out connecting to Chrome, retrying...
]]></system-err>
</testsuite>
